JvmtiExport can_access_local_variables 0
JvmtiExport can_hotswap_or_post_breakpoint 0
JvmtiExport can_post_on_exceptions 0
# 574 ciObject found
ciMethod java/lang/Object <init> ()V 4097 1 1431153 0 0
ciMethod java/nio/Buffer checkIndex (I)I 2049 1 2010 0 0
ciMethodData java/lang/Object <init> ()V 2 1431206 orig 264 56 173 150 89 0 0 0 0 128 4 247 21 0 0 0 0 32 1 0 0 0 0 0 0 0 0 0 0 0 0 0 0 0 0 0 0 0 0 0 0 0 0 0 0 0 0 0 0 0 0 0 0 0 0 0 0 0 0 0 0 0 0 0 0 0 0 0 0 0 0 0 0 0 0 0 0 0 0 0 0 77 68 79 32 101 120 116 114 97 32 100 97 116 97 32 108 111 99 107 0 0 0 0 0 0 0 0 0 0 0 0 0 0 0 0 0 0 0 0 0 0 0 0 0 0 0 0 0 0 0 0 0 0 0 0 0 0 0 0 0 0 0 0 0 0 0 0 0 0 0 0 0 0 0 0 0 0 0 0 0 0 0 0 0 0 0 0 0 0 0 0 0 0 0 0 0 0 0 0 0 0 0 0 0 1 0 0 0 0 0 0 0 1 0 0 0 0 0 0 0 1 0 0 0 0 0 0 0 0 0 0 0 0 0 0 0 0 2 0 0 49 165 174 0 1 0 0 0 0 0 0 0 0 0 0 0 2 0 0 0 0 0 3 0 1 0 0 0 0 0 0 0 255 255 255 255 0 0 0 0 0 0 0 0 data 0 oops 0
ciMethod java/lang/AssertionError <init> ()V 0 0 1 0 -1
ciMethod java/lang/AssertionError <init> (Ljava/lang/Object;)V 0 0 1 0 -1
ciMethodData java/nio/Buffer checkIndex (I)I 2 2010 orig 264 56 173 150 89 0 0 0 0 80 91 0 22 0 0 0 0 120 1 0 0 32 0 0 0 0 0 0 0 0 0 0 0 0 0 0 0 0 0 0 0 0 0 0 0 0 0 0 0 0 0 0 0 0 0 0 0 0 0 0 0 0 0 0 0 0 0 0 0 0 0 0 0 0 0 0 0 0 0 0 0 77 68 79 32 101 120 116 114 97 32 100 97 116 97 32 108 111 99 107 0 0 0 0 0 0 0 0 0 0 0 0 0 0 0 0 0 0 0 0 0 0 0 0 0 0 0 0 0 0 0 0 0 0 0 0 0 0 0 0 0 0 0 0 0 0 0 0 0 0 0 0 0 0 0 0 0 0 0 0 0 0 0 0 0 0 0 0 0 0 0 0 0 0 0 0 0 0 0 0 0 0 0 0 0 0 0 0 0 0 0 0 0 0 0 0 0 0 0 0 0 0 0 0 0 0 0 0 0 0 0 0 0 0 0 0 0 0 1 0 0 209 54 0 0 1 0 0 0 0 0 0 0 0 0 0 0 2 0 0 0 0 0 8 0 2 0 0 0 80 0 0 0 255 255 255 255 7 0 1 0 0 0 0 0 data 10 0x10007 0x0 0x40 0x6da 0x90007 0x6da 0x30 0x0 0x100002 0x0 oops 0
ciMethod java/nio/ShortBuffer get (I)S 0 0 1 0 -1
ciMethod java/nio/HeapShortBuffer ix (I)I 4097 1 10398 0 0
ciMethod java/nio/HeapShortBuffer get (I)S 3457 1 10398 0 160
ciMethodData java/nio/HeapShortBuffer get (I)S 2 10398 orig 264 56 173 150 89 0 0 0 0 112 148 94 35 0 0 0 0 176 1 0 0 0 0 0 0 0 0 0 0 0 0 0 0 0 0 0 0 0 0 0 0 0 0 0 0 0 0 0 0 0 0 0 0 0 0 0 0 0 0 0 0 0 0 0 0 0 0 0 0 0 0 0 0 0 0 0 0 0 0 0 0 77 68 79 32 101 120 116 114 97 32 100 97 116 97 32 108 111 99 107 0 0 0 0 0 0 0 0 0 0 0 0 0 0 0 0 0 0 0 0 0 0 0 0 0 0 0 0 0 0 0 0 0 0 0 0 0 0 0 0 0 0 0 0 0 0 0 0 0 0 0 0 0 0 0 0 0 0 0 0 0 0 0 0 0 0 0 0 0 0 0 0 0 0 0 0 0 0 0 0 0 0 0 0 0 0 0 0 0 0 0 0 0 0 0 0 0 0 0 0 0 0 0 0 0 0 0 0 0 0 0 0 0 0 0 0 0 176 1 0 0 113 55 1 0 1 0 0 0 0 0 0 0 0 0 0 0 2 0 0 0 0 0 3 0 2 0 0 0 96 0 0 0 255 255 255 255 5 0 7 0 0 0 0 0 data 12 0x70005 0x192 0x1e233030 0x255c 0x0 0x0 0xa0005 0x0 0x1e233030 0x26ee 0x0 0x0 oops 2 2 java/nio/HeapShortBuffer 8 java/nio/HeapShortBuffer
ciMethodData java/nio/HeapShortBuffer ix (I)I 2 10398 orig 264 56 173 150 89 0 0 0 0 48 147 94 35 0 0 0 0 40 1 0 0 0 0 0 0 0 0 0 0 0 0 0 0 0 0 0 0 0 0 0 0 0 0 0 0 0 0 0 0 0 0 0 0 0 0 0 0 0 0 0 0 0 0 0 0 0 0 0 0 0 0 0 0 0 0 0 0 0 0 0 0 77 68 79 32 101 120 116 114 97 32 100 97 116 97 32 108 111 99 107 0 0 0 0 0 0 0 0 0 0 0 0 0 0 0 0 0 0 0 0 0 0 0 0 0 0 0 0 0 0 0 0 0 0 0 0 0 0 0 0 0 0 0 0 0 0 0 0 0 0 0 0 0 0 0 0 0 0 0 0 0 0 0 0 0 0 0 0 0 0 0 0 0 0 0 0 0 0 0 0 0 0 0 0 0 0 0 0 0 0 0 0 0 0 0 0 0 0 0 0 0 0 0 0 0 0 0 0 0 0 0 0 0 0 0 0 0 0 2 0 0 241 52 1 0 1 0 0 0 0 0 0 0 0 0 0 0 2 0 0 0 0 0 3 0 1 0 0 0 0 0 0 0 255 255 255 255 0 0 0 0 0 0 0 0 data 0 oops 0
ciMethod com/android/tools/r8/graph/OffsetToObjectMapping getMethodMap ()[Lcom/android/tools/r8/graph/DexMethod; 473 1 2860 0 0
ciMethod com/android/tools/r8/graph/OffsetToObjectMapping getFieldMap ()[Lcom/android/tools/r8/graph/DexField; 633 1 4404 0 -1
ciMethod com/android/tools/r8/graph/OffsetToObjectMapping getTypeMap ()[Lcom/android/tools/r8/graph/DexType; 713 1 893 0 -1
ciMethod com/android/tools/r8/graph/OffsetToObjectMapping getStringMap ()[Lcom/android/tools/r8/graph/DexString; 57 1 444 0 -1
ciMethod com/android/tools/r8/code/SputObject <init> (ILcom/android/tools/r8/code/BytecodeStream;Lcom/android/tools/r8/graph/OffsetToObjectMapping;)V 617 1 134 0 -1
ciMethod com/android/tools/r8/code/BaseInstructionFactory create (IILcom/android/tools/r8/code/BytecodeStream;Lcom/android/tools/r8/graph/OffsetToObjectMapping;)Lcom/android/tools/r8/code/Instruction; 3665 1 5605 0 -1
ciMethod com/android/tools/r8/code/Instruction <init> (Lcom/android/tools/r8/code/BytecodeStream;)V 4065 1 7662 0 0
ciMethod com/android/tools/r8/code/Instruction readSigned8BitValue (Lcom/android/tools/r8/code/BytecodeStream;)B 2249 1 69 0 0
ciMethod com/android/tools/r8/code/Instruction read8BitValue (Lcom/android/tools/r8/code/BytecodeStream;)S 1297 1 4299 0 0
ciMethod com/android/tools/r8/code/Instruction readSigned16BitValue (Lcom/android/tools/r8/code/BytecodeStream;)S 4097 1 4882 0 -1
ciMethod com/android/tools/r8/code/Instruction read16BitValue (Lcom/android/tools/r8/code/BytecodeStream;)C 4097 1 8303 0 0
ciMethod com/android/tools/r8/code/Instruction readSigned32BitValue (Lcom/android/tools/r8/code/BytecodeStream;)I 745 1 583 0 -1
ciMethod com/android/tools/r8/code/Nop <init> (ILcom/android/tools/r8/code/BytecodeStream;)V 2049 1 203 0 -1
ciMethod com/android/tools/r8/code/Nop create (ILcom/android/tools/r8/code/BytecodeStream;)Lcom/android/tools/r8/code/Nop; 553 1 138 0 -1
ciMethod com/android/tools/r8/code/Format10x <init> (ILcom/android/tools/r8/code/BytecodeStream;)V 849 1 960 0 -1
ciMethod com/android/tools/r8/code/Base1Format <init> (Lcom/android/tools/r8/code/BytecodeStream;)V 1225 1 3217 0 0
ciMethod com/android/tools/r8/code/Move <init> (ILcom/android/tools/r8/code/BytecodeStream;)V 2049 1 6 0 -1
ciMethod com/android/tools/r8/code/Format12x <init> (ILcom/android/tools/r8/code/BytecodeStream;)V 2233 1 152 0 0
ciMethod com/android/tools/r8/code/Format22x <init> (ILcom/android/tools/r8/code/BytecodeStream;)V 2249 1 613 0 -1
ciMethod com/android/tools/r8/code/Base2Format <init> (Lcom/android/tools/r8/code/BytecodeStream;)V 1745 1 2809 0 0
ciMethod com/android/tools/r8/code/Base3Format <init> (Lcom/android/tools/r8/code/BytecodeStream;)V 1097 1 3052 0 0
ciMethod com/android/tools/r8/code/MoveWide <init> (ILcom/android/tools/r8/code/BytecodeStream;)V 33 1 2 0 -1
ciMethod com/android/tools/r8/code/MoveObject <init> (ILcom/android/tools/r8/code/BytecodeStream;)V 2049 1 40 0 -1
ciMethod com/android/tools/r8/code/MoveObjectFrom16 <init> (ILcom/android/tools/r8/code/BytecodeStream;)V 2057 1 3 0 -1
ciMethod com/android/tools/r8/code/MoveResult <init> (ILcom/android/tools/r8/code/BytecodeStream;)V 57 1 203 0 -1
ciMethod com/android/tools/r8/code/Format11x <init> (ILcom/android/tools/r8/code/BytecodeStream;)V 201 1 2642 0 -1
ciMethod com/android/tools/r8/code/MoveResultWide <init> (ILcom/android/tools/r8/code/BytecodeStream;)V 9 1 19 0 -1
ciMethod com/android/tools/r8/code/MoveResultObject <init> (ILcom/android/tools/r8/code/BytecodeStream;)V 65 1 384 0 -1
ciMethod com/android/tools/r8/code/MoveException <init> (ILcom/android/tools/r8/code/BytecodeStream;)V 2121 1 77 0 -1
ciMethod com/android/tools/r8/code/ReturnVoid <init> (ILcom/android/tools/r8/code/BytecodeStream;)V 297 1 383 0 -1
ciMethod com/android/tools/r8/code/Return <init> (ILcom/android/tools/r8/code/BytecodeStream;)V 2049 1 77 0 -1
ciMethod com/android/tools/r8/code/ReturnWide <init> (ILcom/android/tools/r8/code/BytecodeStream;)V 169 1 9 0 -1
ciMethod com/android/tools/r8/code/ReturnObject <init> (ILcom/android/tools/r8/code/BytecodeStream;)V 57 1 177 0 -1
ciMethod com/android/tools/r8/code/Const4 <init> (ILcom/android/tools/r8/code/BytecodeStream;)V 177 1 317 0 -1
ciMethod com/android/tools/r8/code/Format11n <init> (ILcom/android/tools/r8/code/BytecodeStream;)V 177 1 1397 0 -1
ciMethod com/android/tools/r8/code/Const16 <init> (ILcom/android/tools/r8/code/BytecodeStream;)V 145 1 31 0 -1
ciMethod com/android/tools/r8/code/Format21s <init> (ILcom/android/tools/r8/code/BytecodeStream;)V 145 1 275 0 -1
ciMethod com/android/tools/r8/code/Const <init> (ILcom/android/tools/r8/code/BytecodeStream;)V 89 1 18 0 -1
ciMethod com/android/tools/r8/code/Format31i <init> (ILcom/android/tools/r8/code/BytecodeStream;)V 89 1 31 0 -1
ciMethod com/android/tools/r8/code/ConstWide16 <init> (ILcom/android/tools/r8/code/BytecodeStream;)V 713 1 8 0 -1
ciMethod com/android/tools/r8/code/ConstString <init> (ILcom/android/tools/r8/code/BytecodeStream;Lcom/android/tools/r8/graph/OffsetToObjectMapping;)V 57 1 158 0 -1
ciMethod com/android/tools/r8/code/Format21c <init> (ILcom/android/tools/r8/code/BytecodeStream;[Lcom/android/tools/r8/graph/IndexedDexItem;)V 753 1 1705 0 -1
ciMethod com/android/tools/r8/code/ConstClass <init> (ILcom/android/tools/r8/code/BytecodeStream;Lcom/android/tools/r8/graph/OffsetToObjectMapping;)V 689 1 11 0 -1
ciMethod com/android/tools/r8/code/MonitorEnter <init> (ILcom/android/tools/r8/code/BytecodeStream;)V 329 1 15 0 -1
ciMethod com/android/tools/r8/code/MonitorExit <init> (ILcom/android/tools/r8/code/BytecodeStream;)V 737 1 34 0 -1
ciMethod com/android/tools/r8/code/CheckCast <init> (ILcom/android/tools/r8/code/BytecodeStream;Lcom/android/tools/r8/graph/OffsetToObjectMapping;)V 33 1 138 0 -1
ciMethod com/android/tools/r8/code/InstanceOf <init> (ILcom/android/tools/r8/code/BytecodeStream;Lcom/android/tools/r8/graph/OffsetToObjectMapping;)V 2065 1 17 0 -1
ciMethod com/android/tools/r8/code/Format22c <init> (ILcom/android/tools/r8/code/BytecodeStream;[Lcom/android/tools/r8/graph/IndexedDexItem;)V 649 1 3920 0 -1
ciMethod com/android/tools/r8/code/ArrayLength <init> (ILcom/android/tools/r8/code/BytecodeStream;)V 1361 1 46 0 -1
ciMethod com/android/tools/r8/code/NewInstance <init> (ILcom/android/tools/r8/code/BytecodeStream;Lcom/android/tools/r8/graph/OffsetToObjectMapping;)V 33 1 192 0 -1
ciMethod com/android/tools/r8/code/NewArray <init> (ILcom/android/tools/r8/code/BytecodeStream;Lcom/android/tools/r8/graph/OffsetToObjectMapping;)V 649 1 143 0 -1
ciMethod com/android/tools/r8/code/FilledNewArray <init> (ILcom/android/tools/r8/code/BytecodeStream;Lcom/android/tools/r8/graph/OffsetToObjectMapping;)V 65 1 1 0 -1
ciMethod com/android/tools/r8/code/Format35c <init> (ILcom/android/tools/r8/code/BytecodeStream;[Lcom/android/tools/r8/graph/IndexedDexItem;)V 473 1 3287 0 0
ciMethod com/android/tools/r8/code/FilledNewArrayRange <init> (ILcom/android/tools/r8/code/BytecodeStream;Lcom/android/tools/r8/graph/OffsetToObjectMapping;)V 9 1 1 0 -1
ciMethod com/android/tools/r8/code/Format3rc <init> (ILcom/android/tools/r8/code/BytecodeStream;[Lcom/android/tools/r8/graph/IndexedDexItem;)V 2049 1 80 0 0
ciMethod com/android/tools/r8/code/FillArrayData <init> (ILcom/android/tools/r8/code/BytecodeStream;)V 537 1 91 0 -1
ciMethod com/android/tools/r8/code/Format31t <init> (ILcom/android/tools/r8/code/BytecodeStream;)V 545 1 113 0 -1
ciMethod com/android/tools/r8/code/Throw <init> (ILcom/android/tools/r8/code/BytecodeStream;)V 17 1 82 0 -1
ciMethod com/android/tools/r8/code/Goto <init> (ILcom/android/tools/r8/code/BytecodeStream;)V 3097 1 176 0 -1
ciMethod com/android/tools/r8/code/Format10t <init> (ILcom/android/tools/r8/code/BytecodeStream;)V 3097 1 599 0 -1
ciMethod com/android/tools/r8/code/Goto16 <init> (ILcom/android/tools/r8/code/BytecodeStream;)V 2065 1 3 0 -1
ciMethod com/android/tools/r8/code/Format20t <init> (ILcom/android/tools/r8/code/BytecodeStream;)V 2065 1 155 0 -1
ciMethod com/android/tools/r8/code/PackedSwitch <init> (ILcom/android/tools/r8/code/BytecodeStream;)V 745 1 6 0 -1
ciMethod com/android/tools/r8/code/SparseSwitch <init> (ILcom/android/tools/r8/code/BytecodeStream;)V 9 1 2 0 -1
ciMethod com/android/tools/r8/code/Format23x <init> (ILcom/android/tools/r8/code/BytecodeStream;)V 177 1 226 0 0
ciMethod com/android/tools/r8/code/CmpLong <init> (ILcom/android/tools/r8/code/BytecodeStream;)V 169 1 4 0 -1
ciMethod com/android/tools/r8/code/IfEq <init> (ILcom/android/tools/r8/code/BytecodeStream;)V 9 1 9 0 -1
ciMethod com/android/tools/r8/code/Format22t <init> (ILcom/android/tools/r8/code/BytecodeStream;)V 17 1 611 0 -1
ciMethod com/android/tools/r8/code/IfNe <init> (ILcom/android/tools/r8/code/BytecodeStream;)V 9 1 33 0 -1
ciMethod com/android/tools/r8/code/IfLt <init> (ILcom/android/tools/r8/code/BytecodeStream;)V 1481 1 3 0 -1
ciMethod com/android/tools/r8/code/IfGe <init> (ILcom/android/tools/r8/code/BytecodeStream;)V 2049 1 26 0 -1
ciMethod com/android/tools/r8/code/IfGt <init> (ILcom/android/tools/r8/code/BytecodeStream;)V 281 1 1 0 -1
ciMethod com/android/tools/r8/code/IfLe <init> (ILcom/android/tools/r8/code/BytecodeStream;)V 577 1 2 0 -1
ciMethod com/android/tools/r8/code/IfEqz <init> (ILcom/android/tools/r8/code/BytecodeStream;)V 9 1 170 0 -1
ciMethod com/android/tools/r8/code/Format21t <init> (ILcom/android/tools/r8/code/BytecodeStream;)V 9 1 808 0 -1
ciMethod com/android/tools/r8/code/IfNez <init> (ILcom/android/tools/r8/code/BytecodeStream;)V 2049 1 82 0 -1
ciMethod com/android/tools/r8/code/IfLtz <init> (ILcom/android/tools/r8/code/BytecodeStream;)V 881 1 2 0 -1
ciMethod com/android/tools/r8/code/IfGez <init> (ILcom/android/tools/r8/code/BytecodeStream;)V 625 1 5 0 -1
ciMethod com/android/tools/r8/code/IfLez <init> (ILcom/android/tools/r8/code/BytecodeStream;)V 1785 1 8 0 -1
ciMethod com/android/tools/r8/code/Aget <init> (ILcom/android/tools/r8/code/BytecodeStream;)V 2049 1 9 0 -1
ciMethod com/android/tools/r8/code/AgetWide <init> (ILcom/android/tools/r8/code/BytecodeStream;)V 57 1 5 0 -1
ciMethod com/android/tools/r8/code/AgetObject <init> (ILcom/android/tools/r8/code/BytecodeStream;)V 33 1 67 0 -1
ciMethod com/android/tools/r8/code/AgetBoolean <init> (ILcom/android/tools/r8/code/BytecodeStream;)V 33 1 1 0 -1
ciMethod com/android/tools/r8/code/Aput <init> (ILcom/android/tools/r8/code/BytecodeStream;)V 73 1 31 0 -1
ciMethod com/android/tools/r8/code/AputWide <init> (ILcom/android/tools/r8/code/BytecodeStream;)V 73 1 7 0 -1
ciMethod com/android/tools/r8/code/AputObject <init> (ILcom/android/tools/r8/code/BytecodeStream;)V 73 1 65 0 -1
ciMethod com/android/tools/r8/code/AputBoolean <init> (ILcom/android/tools/r8/code/BytecodeStream;)V 73 1 1 0 -1
ciMethod com/android/tools/r8/code/Iget <init> (ILcom/android/tools/r8/code/BytecodeStream;Lcom/android/tools/r8/graph/OffsetToObjectMapping;)V 2049 1 23 0 -1
ciMethod com/android/tools/r8/code/IgetWide <init> (ILcom/android/tools/r8/code/BytecodeStream;Lcom/android/tools/r8/graph/OffsetToObjectMapping;)V 673 1 2 0 -1
ciMethod com/android/tools/r8/code/IgetObject <init> (ILcom/android/tools/r8/code/BytecodeStream;Lcom/android/tools/r8/graph/OffsetToObjectMapping;)V 3009 1 423 0 -1
ciMethod com/android/tools/r8/code/IgetBoolean <init> (ILcom/android/tools/r8/code/BytecodeStream;Lcom/android/tools/r8/graph/OffsetToObjectMapping;)V 2049 1 31 0 -1
ciMethod com/android/tools/r8/code/Iput <init> (ILcom/android/tools/r8/code/BytecodeStream;Lcom/android/tools/r8/graph/OffsetToObjectMapping;)V 3521 1 16 0 -1
ciMethod com/android/tools/r8/code/IputWide <init> (ILcom/android/tools/r8/code/BytecodeStream;Lcom/android/tools/r8/graph/OffsetToObjectMapping;)V 705 1 2 0 -1
ciMethod com/android/tools/r8/code/IputObject <init> (ILcom/android/tools/r8/code/BytecodeStream;Lcom/android/tools/r8/graph/OffsetToObjectMapping;)V 3073 1 170 0 -1
ciMethod com/android/tools/r8/code/IputBoolean <init> (ILcom/android/tools/r8/code/BytecodeStream;Lcom/android/tools/r8/graph/OffsetToObjectMapping;)V 2049 1 33 0 -1
ciMethod com/android/tools/r8/code/Sget <init> (ILcom/android/tools/r8/code/BytecodeStream;Lcom/android/tools/r8/graph/OffsetToObjectMapping;)V 2049 1 2 0 -1
ciMethod com/android/tools/r8/code/SgetObject <init> (ILcom/android/tools/r8/code/BytecodeStream;Lcom/android/tools/r8/graph/OffsetToObjectMapping;)V 9 1 125 0 -1
ciMethod com/android/tools/r8/code/SputBoolean <init> (ILcom/android/tools/r8/code/BytecodeStream;Lcom/android/tools/r8/graph/OffsetToObjectMapping;)V 9 1 1 0 -1
ciMethod com/android/tools/r8/code/InvokeVirtual <init> (ILcom/android/tools/r8/code/BytecodeStream;Lcom/android/tools/r8/graph/OffsetToObjectMapping;)V 41 1 605 0 -1
ciMethod com/android/tools/r8/code/InvokeSuper <init> (ILcom/android/tools/r8/code/BytecodeStream;Lcom/android/tools/r8/graph/OffsetToObjectMapping;)V 57 1 45 0 -1
ciMethod com/android/tools/r8/code/InvokeDirect <init> (ILcom/android/tools/r8/code/BytecodeStream;Lcom/android/tools/r8/graph/OffsetToObjectMapping;)V 321 1 429 0 0
ciMethod com/android/tools/r8/code/InvokeStatic <init> (ILcom/android/tools/r8/code/BytecodeStream;Lcom/android/tools/r8/graph/OffsetToObjectMapping;)V 41 1 146 0 0
ciMethod com/android/tools/r8/code/InvokeInterface <init> (ILcom/android/tools/r8/code/BytecodeStream;Lcom/android/tools/r8/graph/OffsetToObjectMapping;)V 17 1 263 0 0
ciMethod com/android/tools/r8/code/InvokeVirtualRange <init> (ILcom/android/tools/r8/code/BytecodeStream;Lcom/android/tools/r8/graph/OffsetToObjectMapping;)V 2049 1 3 0 0
ciMethod com/android/tools/r8/code/InvokeDirectRange <init> (ILcom/android/tools/r8/code/BytecodeStream;Lcom/android/tools/r8/graph/OffsetToObjectMapping;)V 561 1 3 0 0
ciMethod com/android/tools/r8/code/IntToLong <init> (ILcom/android/tools/r8/code/BytecodeStream;)V 273 1 3 0 0
ciMethod com/android/tools/r8/code/FloatToDouble <init> (ILcom/android/tools/r8/code/BytecodeStream;)V 601 1 1 0 0
ciMethod com/android/tools/r8/code/SubInt <init> (ILcom/android/tools/r8/code/BytecodeStream;)V 1185 1 1 0 0
ciMethod com/android/tools/r8/code/AndInt <init> (ILcom/android/tools/r8/code/BytecodeStream;)V 33 1 1 0 0
ciMethod com/android/tools/r8/code/OrInt <init> (ILcom/android/tools/r8/code/BytecodeStream;)V 17 1 1 0 0
ciMethod com/android/tools/r8/code/SubLong <init> (ILcom/android/tools/r8/code/BytecodeStream;)V 49 1 1 0 0
ciMethod com/android/tools/r8/code/AddInt2Addr <init> (ILcom/android/tools/r8/code/BytecodeStream;)V 2049 1 8 0 0
ciMethod com/android/tools/r8/code/SubInt2Addr <init> (ILcom/android/tools/r8/code/BytecodeStream;)V 1505 1 1 0 0
ciMethod com/android/tools/r8/code/AddLong2Addr <init> (ILcom/android/tools/r8/code/BytecodeStream;)V 225 1 1 0 0
ciMethod com/android/tools/r8/code/AddIntLit8 <init> (ILcom/android/tools/r8/code/BytecodeStream;)V 2049 1 45 0 0
ciMethod com/android/tools/r8/code/Format22b <init> (ILcom/android/tools/r8/code/BytecodeStream;)V 2073 1 66 0 0
ciMethod com/android/tools/r8/code/MulIntLit8 <init> (ILcom/android/tools/r8/code/BytecodeStream;)V 545 1 1 0 0
ciMethod com/android/tools/r8/code/BytecodeStream getOffset ()I 0 0 1 0 -1
ciMethod com/android/tools/r8/code/BytecodeStream nextShort ()I 0 0 1 0 -1
ciMethod com/android/tools/r8/code/BytecodeStream nextByte ()I 0 0 1 0 -1
ciMethod com/android/tools/r8/code/InstructionFactory$ShortBufferBytecodeStream nextShort ()I 1937 1 10398 0 224
ciMethod com/android/tools/r8/code/InstructionFactory$ShortBufferBytecodeStream nextByte ()I 2481 1 10298 0 256
ciMethod com/android/tools/r8/code/InstructionFactory$ShortBufferBytecodeStream getOffset ()I 1041 1 130 0 0
ciMethod com/android/tools/r8/code/PackedSwitchPayload <init> (ILcom/android/tools/r8/code/BytecodeStream;)V 417 2897 23 0 -1
ciMethod com/android/tools/r8/code/SwitchPayload <init> (ILcom/android/tools/r8/code/BytecodeStream;)V 761 1 40 0 -1
ciMethod com/android/tools/r8/code/SparseSwitchPayload <init> (ILcom/android/tools/r8/code/BytecodeStream;)V 17 513 2 0 -1
ciMethod com/android/tools/r8/code/FillArrayDataPayload <init> (ILcom/android/tools/r8/code/BytecodeStream;)V 817 15777 92 0 -1
ciMethodData com/android/tools/r8/code/InstructionFactory$ShortBufferBytecodeStream nextByte ()I 2 10298 orig 264 56 173 150 89 0 0 0 0 128 42 119 35 0 0 0 0 152 1 0 0 0 0 0 0 0 0 0 0 0 0 0 0 0 0 0 0 0 0 0 0 0 0 0 0 0 0 0 0 0 0 0 0 0 0 0 0 0 0 0 0 0 0 0 0 0 0 0 0 0 0 0 0 0 0 0 0 0 0 0 0 77 68 79 32 101 120 116 114 97 32 100 97 116 97 32 108 111 99 107 0 0 0 0 0 0 0 0 0 0 0 0 0 0 0 0 0 0 0 0 0 0 0 0 0 0 0 0 0 0 0 0 0 0 0 0 0 0 0 0 0 0 0 0 0 0 0 0 0 0 0 0 0 0 0 0 0 0 0 0 0 0 0 0 0 0 0 0 0 0 0 0 0 0 0 0 0 0 0 0 0 0 0 0 0 0 0 0 0 0 0 0 0 0 0 0 0 0 0 0 0 0 0 0 0 0 0 0 0 0 0 0 0 0 0 0 0 54 1 0 0 33 56 1 0 1 0 0 0 0 0 0 0 0 0 0 0 2 0 0 0 0 0 5 0 2 0 0 0 80 0 0 0 255 255 255 255 7 0 4 0 0 0 0 0 data 10 0x40007 0x1382 0x20 0x1382 0x120005 0x0 0x1c8c4830 0x1382 0x0 0x0 oops 1 6 com/android/tools/r8/code/InstructionFactory$ShortBufferBytecodeStream
ciMethodData com/android/tools/r8/code/InstructionFactory$ShortBufferBytecodeStream nextShort ()I 2 10398 orig 264 56 173 150 89 0 0 0 0 136 41 119 35 0 0 0 0 24 2 0 0 144 0 0 0 0 0 0 0 0 0 0 0 0 0 0 0 0 0 0 0 0 0 0 0 0 0 0 0 0 0 0 0 0 0 0 0 0 0 0 0 0 0 0 0 0 0 0 0 0 0 0 0 0 0 0 0 0 0 0 0 77 68 79 32 101 120 116 114 97 32 100 97 116 97 32 108 111 99 107 0 0 0 0 0 0 0 0 0 0 0 0 0 0 0 0 0 0 0 0 0 0 0 0 0 0 0 0 0 0 0 0 0 0 0 0 0 0 0 0 0 0 0 0 0 0 0 0 0 0 0 0 0 0 0 0 0 0 0 0 0 0 0 0 0 0 0 0 0 0 0 0 0 0 0 0 0 0 0 0 0 0 0 0 0 0 0 0 0 0 0 0 0 0 0 0 0 0 0 0 0 0 0 0 0 0 0 0 0 0 0 0 0 0 0 0 0 242 0 0 0 97 61 1 0 1 0 0 0 0 0 0 0 0 0 0 0 2 0 0 0 0 0 5 0 2 0 0 0 208 0 0 0 255 255 255 255 7 0 3 0 0 0 0 0 data 26 0x30007 0x27ac 0x50 0x0 0xa0007 0x0 0x30 0x0 0x130002 0x0 0x1a0007 0x27ac 0x50 0x0 0x250007 0x0 0x30 0x0 0x2c0002 0x0 0x3d0005 0x0 0x1e233030 0x27ac 0x0 0x0 oops 1 22 java/nio/HeapShortBuffer
ciMethodData com/android/tools/r8/code/BaseInstructionFactory create (IILcom/android/tools/r8/code/BytecodeStream;Lcom/android/tools/r8/graph/OffsetToObjectMapping;)Lcom/android/tools/r8/code/Instruction; 2 5620 orig 264 56 173 150 89 0 0 0 0 168 229 107 35 0 0 0 0 240 32 0 0 16 30 0 0 0 0 0 0 0 0 0 0 0 0 0 0 0 0 0 0 0 0 0 0 0 0 0 0 0 0 0 0 0 0 0 0 0 0 0 0 0 0 0 0 0 0 0 0 0 0 0 0 0 0 0 0 0 0 0 0 77 68 79 32 101 120 116 114 97 32 100 97 116 97 32 108 111 99 107 0 0 0 0 0 0 0 0 0 0 0 0 0 0 0 0 0 0 0 0 0 0 0 0 0 0 0 0 0 0 0 0 0 0 0 0 0 0 0 0 0 0 0 0 0 0 0 0 0 0 0 0 0 0 0 0 0 0 0 0 0 0 0 0 0 0 0 0 0 0 0 0 0 0 0 0 0 0 0 0 0 0 0 0 0 0 0 0 0 0 0 0 0 0 0 0 0 0 0 0 0 0 0 0 0 0 0 0 0 0 0 0 0 0 0 0 0 202 1 0 0 81 161 0 0 1 0 0 0 0 0 0 0 0 0 0 0 2 0 0 0 0 0 9 1 2 0 0 0 224 30 0 0 255 255 255 255 8 0 1 0 0 0 0 0 data 988 0x10008 0x202 0x0 0x1e20 0x45 0x1020 0x0 0x1030 0x0 0x1040 0x0 0x1050 0x0 0x1060 0x0 0x1070 0x0 0x1080 0x3 0x1090 0x0 0x10a0 0x0 0x10b0 0x13 0x10c0 0x1 0x10d0 0x15 0x10e0 0x0 0x10f0 0x32 0x1100 0x4 0x1110 0x0 0x1120 0x1b 0x1130 0x29 0x1140 0x6 0x1150 0x7 0x1160 0x0 0x1170 0x0 0x1180 0x0 0x1190 0x0 0x11a0 0x0 0x11b0 0xb 0x11c0 0x0 0x11d0 0x0 0x11e0 0x0 0x11f0 0x0 0x1200 0x22 0x1210 0x0 0x1220 0x1 0x1230 0x8 0x1240 0x1a 0x1250 0x0 0x1260 0x0 0x1270 0x11 0x1280 0x2 0x1290 0x1 0x12a0 0x0 0x12b0 0x0 0x12c0 0x0 0x12d0 0x1 0x12e0 0x0 0x12f0 0x0 0x1300 0x0 0x1310 0x0 0x1320 0x0 0x1330 0x1 0x1340 0x2 0x1350 0x0 0x1360 0x0 0x1370 0x0 0x1380 0x0 0x1390 0x5 0x13a0 0x0 0x13b0 0x0 0x13c0 0x0 0x13d0 0x0 0x13e0 0x0 0x13f0 0x0 0x1e20 0x0 0x1e20 0x0 0x1e20 0x0 0x1e20 0x0 0x1e20 0x0 0x1e20 0x0 0x1400 0x0 0x1410 0x21 0x1420 0x0 0x1430 0x0 0x1440 0x0 0x1450 0x0 0x1460 0x0 0x1470 0x0 0x1480 0x18 0x1490 0x0 0x14a0 0x0 0x14b0 0x0 0x14c0 0x0 0x14d0 0x0 0x14e0 0x0 0x14f0 0x4 0x1500 0x0 0x1510 0x0 0x1520 0x0 0x1530 0x0 0x1540 0x0 0x1550 0x0 0x1560 0x3 0x1570 0x0 0x1580 0x0 0x1590 0x0 0x15a0 0x0 0x15b0 0x0 0x15c0 0x0 0x15d0 0x5 0x15e0 0x0 0x15f0 0x0 0x1600 0x0 0x1610 0x0 0x1620 0x0 0x1630 0x0 0x1640 0x11 0x1650 0x0 0x1660 0x0 0x1670 0x0 0x1680 0x0 0x1690 0x16 0x16a0 0x19 0x16b0 0x36 0x16c0 0x7 0x16d0 0x6 0x16e0 0x0 0x1e20 0x0 0x16f0 0x0 0x1700 0x0 0x1710 0x0 0x1720 0x0 0x1730 0x0 0x1e20 0x0 0x1e20 0x0 0x1740 0x0 0x1750 0x0 0x1760 0x0 0x1770 0x0 0x1780 0x0 0x1790 0x0 0x17a0 0x0 0x17b0 0x0 0x17c0 0x0 0x17d0 0x0 0x17e0 0x0 0x17f0 0x0 0x1800 0x0 0x1810 0x0 0x1820 0x0 0x1830 0x0 0x1840 0x0 0x1850 0x0 0x1860 0x0 0x1870 0x0 0x1880 0x0 0x1890 0x0 0x18a0 0x0 0x18b0 0x0 0x18c0 0x0 0x18d0 0x0 0x18e0 0x0 0x18f0 0x0 0x1900 0x0 0x1910 0x0 0x1920 0x0 0x1930 0x0 0x1940 0x0 0x1950 0x0 0x1960 0x0 0x1970 0x0 0x1980 0x0 0x1990 0x0 0x19a0 0x0 0x19b0 0x0 0x19c0 0x0 0x19d0 0x0 0x19e0 0x0 0x19f0 0x0 0x1a00 0x0 0x1a10 0x0 0x1a20 0x0 0x1a30 0x0 0x1a40 0x0 0x1a50 0x0 0x1a60 0x0 0x1a70 0x0 0x1a80 0x0 0x1a90 0x0 0x1aa0 0x0 0x1ab0 0x0 0x1ac0 0x0 0x1ad0 0x0 0x1ae0 0x0 0x1af0 0x0 0x1b00 0x0 0x1b10 0x0 0x1b20 0x0 0x1b30 0x0 0x1b40 0x0 0x1b50 0x0 0x1b60 0x0 0x1b70 0x0 0x1b80 0x0 0x1b90 0x0 0x1ba0 0x0 0x1bb0 0x0 0x1bc0 0x0 0x1bd0 0x0 0x1be0 0x0 0x1bf0 0x0 0x1c00 0x0 0x1c10 0x0 0x1c20 0x0 0x1c30 0x0 0x1c40 0x0 0x1c50 0x0 0x1c60 0x0 0x1c70 0x0 0x1c80 0x0 0x1c90 0x0 0x1ca0 0x0 0x1cb0 0x0 0x1cc0 0x0 0x1cd0 0x0 0x1ce0 0x0 0x1cf0 0x0 0x1d00 0x0 0x1d10 0x0 0x1d20 0x0 0x1d30 0x0 0x1d40 0x0 0x1d50 0x0 0x1d60 0x0 0x1d70 0x0 0x1d80 0x0 0x1d90 0x0 0x1da0 0x0 0x1db0 0x0 0x1e20 0x0 0x1e20 0x0 0x1e20 0x0 0x1e20 0x0 0x1e20 0x0 0x1e20 0x0 0x1e20 0x0 0x1e20 0x0 0x1e20 0x0 0x1e20 0x0 0x1e20 0x0 0x1e20 0x0 0x1e20 0x0 0x1e20 0x0 0x1e20 0x0 0x1e20 0x0 0x1e20 0x0 0x1e20 0x0 0x1e20 0x0 0x1e20 0x0 0x1e20 0x0 0x1e20 0x0 0x1e20 0x0 0x1dc0 0x0 0x1dd0 0x0 0x1de0 0x0 0x1df0 0x0 0x1e00 0x0 0x1e10 0x4120002 0x70 0x41c0002 0x6 0x4260002 0x0 0x4300002 0x0 0x43a0002 0x2 0x4440002 0x0 0x44e0002 0x0 0x4580002 0x26 0x4620002 0x3 0x46c0002 0x0 0x4760002 0xbe 0x4800002 0x12 0x48a0002 0x167 0x4940002 0x46 0x49e0002 0x14c 0x4a80002 0x4d 0x4b20002 0x9 0x4bc0002 0xa2 0x4c60002 0x119 0x4d00002 0xc 0x4da0002 0x7 0x4e40002 0x0 0x4ee0002 0x8 0x4f80002 0x0 0x5020002 0x0 0x50c0002 0x0 0x5170002 0x82 0x5220002 0x0 0x52d0002 0xa 0x5370002 0xd 0x5410002 0x1d 0x54c0002 0x80 0x5570002 0x11 0x5610002 0x28 0x56c0002 0xac 0x5770002 0x3d 0x5820002 0x1 0x58d0002 0x1 0x5970002 0x18 0x5a10002 0x48 0x5ab0002 0xa5 0x5b50002 0x3 0x5bf0002 0x0 0x5c90002 0x5 0x5d30002 0x1 0x5dd0002 0x0 0x5e70002 0x0 0x5f10002 0x0 0x5fb0002 0x0 0x6050002 0x4 0x60f0002 0x7 0x6190002 0x1f 0x6230002 0x2 0x62d0002 0x15 0x6370002 0x1 0x6410002 0x1 0x64b0002 0x9e 0x6550002 0x4a 0x65f0002 0x2 0x6690002 0x5 0x6730002 0x0 0x67d0002 0x8 0x6870002 0x7 0x6910002 0x5 0x69b0002 0x3a 0x6a50002 0x1 0x6af0002 0x0 0x6b90002 0x0 0x6c30002 0x0 0x6cd0002 0x16 0x6d70002 0x7 0x6e10002 0x35 0x6eb0002 0x1 0x6f50002 0x0 0x6ff0002 0x0 0x7090002 0x0 0x7140002 0x13 0x71f0002 0x2 0x72a0002 0x180 0x7350002 0x1c 0x7400002 0x0 0x74b0002 0x0 0x7560002 0x0 0x7610002 0x10 0x76c0002 0x2 0x7770002 0x9d 0x7820002 0x1d 0x78d0002 0x0 0x7980002 0x0 0x7a30002 0x0 0x7ae0002 0x1 0x7b90002 0x0 0x7c40002 0x72 0x7cf0002 0x0 0x7da0002 0x0 0x7e50002 0x0 0x7f00002 0x0 0x7fb0002 0x0 0x8060002 0x0 0x8110002 0x35 0x81c0002 0x0 0x8270002 0x0 0x8320002 0x0 0x83d0002 0x0 0x8480002 0x215 0x8530002 0x26 0x85e0002 0x168 0x8690002 0x7f 0x8740002 0xd5 0x87f0002 0x3 0x88a0002 0x0 0x8950002 0x2 0x8a00002 0x0 0x8ab0002 0x0 0x8b50002 0x0 0x8bf0002 0x0 0x8c90002 0x0 0x8d30002 0x0 0x8dd0002 0x0 0x8e70002 0x0 0x8f10002 0x3 0x8fb0002 0x0 0x9050002 0x0 0x90f0002 0x0 0x9190002 0x0 0x9230002 0x0 0x92d0002 0x0 0x9370002 0x0 0x9410002 0x1 0x94b0002 0x0 0x9550002 0x0 0x95f0002 0x0 0x9690002 0x0 0x9730002 0x0 0x97d0002 0x0 0x9870002 0x0 0x9910002 0x1 0x99b0002 0x0 0x9a50002 0x0 0x9af0002 0x0 0x9b90002 0x1 0x9c30002 0x1 0x9cd0002 0x0 0x9d70002 0x0 0x9e10002 0x0 0x9eb0002 0x0 0x9f50002 0x0 0x9ff0002 0x1 0xa090002 0x0 0xa130002 0x0 0xa1d0002 0x0 0xa270002 0x0 0xa310002 0x0 0xa3b0002 0x0 0xa450002 0x0 0xa4f0002 0x0 0xa590002 0x0 0xa630002 0x0 0xa6d0002 0x0 0xa770002 0x0 0xa810002 0x0 0xa8b0002 0x0 0xa950002 0x0 0xa9f0002 0x0 0xaa90002 0x0 0xab30002 0x0 0xabd0002 0x0 0xac70002 0x7 0xad10002 0x1 0xadb0002 0x0 0xae50002 0x0 0xaef0002 0x0 0xaf90002 0x0 0xb030002 0x0 0xb0d0002 0x0 0xb170002 0x0 0xb210002 0x0 0xb2b0002 0x0 0xb350002 0x1 0xb3f0002 0x0 0xb490002 0x0 0xb530002 0x0 0xb5d0002 0x0 0xb670002 0x0 0xb710002 0x0 0xb7b0002 0x0 0xb850002 0x0 0xb8f0002 0x0 0xb990002 0x0 0xba30002 0x0 0xbad0002 0x0 0xbb70002 0x0 0xbc10002 0x0 0xbcb0002 0x0 0xbd50002 0x0 0xbdf0002 0x0 0xbe90002 0x0 0xbf30002 0x0 0xbfd0002 0x0 0xc070002 0x0 0xc110002 0x0 0xc1b0002 0x0 0xc250002 0x0 0xc2f0002 0x0 0xc390002 0x0 0xc430002 0x0 0xc4d0002 0x0 0xc570002 0x25 0xc610002 0x0 0xc6b0002 0x1 0xc750002 0x0 0xc7f0002 0x0 0xc890002 0x0 0xc930002 0x0 0xc9d0002 0x0 0xca70002 0x0 0xcb10002 0x0 0xcbb0002 0x0 0xcc60002 0x0 0xcd10002 0x0 0xcdc0002 0x0 0xce70002 0x0 0xcf20002 0x0 0xcfd0002 0x0 0xd090002 0x0 0xd0f0005 0x0 0x0 0x0 0x0 0x0 0xd150002 0x0 0xd180005 0x0 0x0 0x0 0x0 0x0 0xd1b0005 0x0 0x0 0x0 0x0 0x0 0xd1e0002 0x0